You are running cutadapt 1.7.1 with Python 2.7.6
Command line parameters: -a xxxxxxxxxxxxxxxxxxxxxxxxxxx /share/de/Sperm_60e4415a8b4ef/Sperm_60e4415a8b4ef/SRR955634/SRR955634_cat.fastq
Maximum error rate: 10.00%
   No. of adapters: 1
   Processed reads:      8999053
   Processed bases:    449952650 bp (450.0 Mbp)
     Trimmed reads:            0 (0.0%)
     Trimmed bases:            0 bp (0.0 Mbp) (0.00% of total)
   Too short reads:            0 (0.0% of processed reads)
    Too long reads:            0 (0.0% of processed reads)
        Total time:     66.49 s
     Time per read:      0.007 ms

=== Adapter 1 ===

Sequence: XXXXXXXXXXXXXXXXXXXXXXXXXXX; Type: regular 3'; Length: 27; Trimmed: 0 times.

You are running cutadapt 1.7.1 with Python 2.7.6
Command line parameters: -a CTGTAGGCACCA /share/de/Sperm_60e4415a8b4ef/Sperm_60e4415a8b4ef/SRR955634/SRR955634_cat.fastq
Maximum error rate: 10.00%
   No. of adapters: 1
   Processed reads:      8999053
   Processed bases:    449952650 bp (450.0 Mbp)
     Trimmed reads:      8936434 (99.3%)
     Trimmed bases:    394672242 bp (394.7 Mbp) (87.71% of total)
   Too short reads:            0 (0.0% of processed reads)
    Too long reads:            0 (0.0% of processed reads)
        Total time:    110.39 s
     Time per read:      0.012 ms

=== Adapter 1 ===

Sequence: CTGTAGGCACCA; Type: regular 3'; Length: 12; Trimmed: 8936434 times.

No. of allowed errors:
0-9 bp: 0; 10-12 bp: 1

Bases preceding removed adapters:
  A: 11.6%
  C: 4.9%
  G: 5.7%
  T: 8.4%
  none/other: 69.4%

Overview of removed sequences
length	count	expect	max.err	error counts
3	2820	140610.2	0	2820
4	3689	35152.6	0	3689
5	8510	8788.1	0	8510
6	11062	2197.0	0	11062
7	10799	549.3	0	10799
8	18620	137.3	0	18620
9	15487	34.3	0	15152 335
10	14547	8.6	1	13744 803
11	30718	2.1	1	29317 1401
12	14245	0.5	1	13416 829
13	19880	0.5	1	18865 1015
14	16024	0.5	1	15053 971
15	20079	0.5	1	18774 1305
16	33898	0.5	1	31899 1999
17	66502	0.5	1	62984 3518
18	84646	0.5	1	79150 5496
19	148649	0.5	1	139959 8690
20	86589	0.5	1	80692 5897
21	52393	0.5	1	47460 4933
22	39596	0.5	1	36882 2714
23	34862	0.5	1	32547 2315
24	55701	0.5	1	52361 3340
25	51353	0.5	1	48282 3071
26	52939	0.5	1	49957 2982
27	81328	0.5	1	76132 5196
28	136103	0.5	1	128707 7396
29	91092	0.5	1	86771 4321
30	61170	0.5	1	57732 3438
31	79085	0.5	1	75200 3885
32	69676	0.5	1	66050 3626
33	90208	0.5	1	86184 4024
34	102438	0.5	1	96455 5983
35	105922	0.5	1	101544 4378
36	114786	0.5	1	110319 4467
37	91001	0.5	1	87263 3738
38	70248	0.5	1	67183 3065
39	60033	0.5	1	57838 2195
40	51705	0.5	1	49819 1886
41	56120	0.5	1	54349 1771
42	62575	0.5	1	60761 1814
43	77826	0.5	1	75684 2142
44	106813	0.5	1	104232 2581
45	135833	0.5	1	133003 2830
46	153640	0.5	1	150359 3281
47	35251	0.5	1	33904 1347
48	964	0.5	1	778 186
49	3845	0.5	1	2739 1106
50	6205164	0.5	1	5969123 236041

Started analysis of SRR955634-trimmed.fastq
Approx 5% complete for SRR955634-trimmed.fastq
Approx 10% complete for SRR955634-trimmed.fastq
Approx 15% complete for SRR955634-trimmed.fastq
Approx 20% complete for SRR955634-trimmed.fastq
Approx 25% complete for SRR955634-trimmed.fastq
Approx 30% complete for SRR955634-trimmed.fastq
Approx 35% complete for SRR955634-trimmed.fastq
Approx 40% complete for SRR955634-trimmed.fastq
Approx 45% complete for SRR955634-trimmed.fastq
Approx 50% complete for SRR955634-trimmed.fastq
Approx 55% complete for SRR955634-trimmed.fastq
Approx 60% complete for SRR955634-trimmed.fastq
Approx 65% complete for SRR955634-trimmed.fastq
Approx 70% complete for SRR955634-trimmed.fastq
Approx 75% complete for SRR955634-trimmed.fastq
Approx 80% complete for SRR955634-trimmed.fastq
Approx 85% complete for SRR955634-trimmed.fastq
Approx 90% complete for SRR955634-trimmed.fastq
Approx 95% complete for SRR955634-trimmed.fastq
Approx 100% complete for SRR955634-trimmed.fastq
Started analysis of SRR955634-nofilt-trimmed.fastq
Approx 5% complete for SRR955634-nofilt-trimmed.fastq
Approx 10% complete for SRR955634-nofilt-trimmed.fastq
Approx 15% complete for SRR955634-nofilt-trimmed.fastq
Approx 20% complete for SRR955634-nofilt-trimmed.fastq
Approx 25% complete for SRR955634-nofilt-trimmed.fastq
Approx 30% complete for SRR955634-nofilt-trimmed.fastq
Approx 35% complete for SRR955634-nofilt-trimmed.fastq
Approx 40% complete for SRR955634-nofilt-trimmed.fastq
Approx 45% complete for SRR955634-nofilt-trimmed.fastq
Approx 50% complete for SRR955634-nofilt-trimmed.fastq
Approx 55% complete for SRR955634-nofilt-trimmed.fastq
Approx 60% complete for SRR955634-nofilt-trimmed.fastq
Approx 65% complete for SRR955634-nofilt-trimmed.fastq
Approx 70% complete for SRR955634-nofilt-trimmed.fastq
Approx 75% complete for SRR955634-nofilt-trimmed.fastq
Approx 80% complete for SRR955634-nofilt-trimmed.fastq
Approx 85% complete for SRR955634-nofilt-trimmed.fastq
Approx 90% complete for SRR955634-nofilt-trimmed.fastq
Approx 95% complete for SRR955634-nofilt-trimmed.fastq
Approx 100% complete for SRR955634-nofilt-trimmed.fastq
/tmp/slurmd/job44558/slurm_script: line 510: 31313 Killed                  STAR_2.4.1d --outFileNamePrefix $FULLPATH-genome --genomeDir $PATH_TO_DATABASE/$REFERENCE/star --runThreadN $cores --readFilesIn $INPUT_DIR/$ID-unmapped.fa --outFilterMismatchNoverLmax 0.00 --outFilterMismatchNmax 0 --alignIntronMax 1 --outFilterMatchNmin 15 --outFilterScoreMinOverLread 0 --outFilterMatchNminOverLread 0 --outSAMtype BAM Unsorted --scoreDelOpen -25 --scoreInsOpen -25 --scoreDelBase -25 --scoreInsBase -25 --alignEndsType EndToEnd --outSAMunmapped Within --outStd BAM_Unsorted > $INPUT_DIR/$ID-genome.bam
[bam_header_read] EOF marker is absent. The input is probably truncated.
[main_samview] truncated file.
Error in file(file, "rt") : cannot open the connection
Calls: read.table -> file
In addition: Warning message:
In file(file, "rt") :
  cannot open file '/share/de/Sperm_60e4415a8b4ef/Sperm_60e4415a8b4ef/SRR955634/output-mpa.labels_filt.log': No such file or directory
Execution halted

EXITING because of fatal input ERROR: could not open readFilesIn=/share/de/Sperm_60e4415a8b4ef/SRR955634-unclassified.txt

Jul 06 12:18:34 ...... FATAL ERROR, exiting

        ==========     _____ _    _ ____  _____  ______          _____  
        =====         / ____| |  | |  _ \|  __ \|  ____|   /\   |  __ \ 
          =====      | (___ | |  | | |_) | |__) | |__     /  \  | |  | |
            ====      \___ \| |  | |  _ <|  _  /|  __|   / /\ \ | |  | |
              ====    ____) | |__| | |_) | | \ \| |____ / ____ \| |__| |
        ==========   |_____/ \____/|____/|_|  \_\______/_/    \_\_____/
	  v1.4.6

//========================== featureCounts setting ===========================\\
||                                                                            ||
||             Input files : 1 unknown file                                   ||
||                           ? /share/de/Sperm_60e4415a8b4ef/SRR955634-al ... ||
||                                                                            ||
||             Output file : /share/de/Sperm_60e4415a8b4ef/Sperm_60e4415a ... ||
||             Annotations : /home/vsac/database2/all/saf/all.saf (SAF)       ||
||                                                                            ||
||                 Threads : 1                                                ||
||                   Level : meta-feature level                               ||
||              Paired-end : no                                               ||
||         Strand specific : no                                               ||
||      Multimapping reads : not counted                                      ||
|| Multi-overlapping reads : not counted                                      ||
||                                                                            ||
\\===================== http://subread.sourceforge.net/ ======================//

//================================= Running ==================================\\
||                                                                            ||
|| Load annotation file /home/vsac/database2/all/saf/all.saf ...              ||
||    Features : 23571                                                        ||
||    Meta-features : 23571                                                   ||
||    Chromosomes : 23571                                                     ||
||                                                                            ||
|| Process Unknown file /share/de/Sperm_60e4415a8b4ef/SRR955634-all.bam...    ||
||    Single-end reads are included.                                          ||
|| WARNING file '/share/de/Sperm_60e4415a8b4ef/SRR955634-all.bam' is empty.   ||
||    Assign reads to features...                                             ||
||    Total reads : 0                                                         ||
||    Successfully assigned reads : 0                                         ||
||    Running time : 0.00 minutes                                             ||
||                                                                            ||
||                         Read assignment finished.                          ||
||                                                                            ||
\\===================== http://subread.sourceforge.net/ ======================//

cat: SRR955634: No such file or directory
grep: /share/de/Sperm_60e4415a8b4ef/Sperm_60e4415a8b4ef/SRR955634/SRR955634-genomeLog.final.out: No such file or directory
awk: cmd. line:1: fatal: cannot open file `/share/de/Sperm_60e4415a8b4ef/Sperm_60e4415a8b4ef/SRR955634/output-mpa.labels.log' for reading (No such file or directory)
grep: /share/de/Sperm_60e4415a8b4ef/Sperm_60e4415a8b4ef/SRR955634/SRR955634-allLog.final.out: No such file or directory
cat: /share/de/Sperm_60e4415a8b4ef/Sperm_60e4415a8b4ef/SRR955634/output-mpa.labels_filt.log: No such file or directory
Error in /tmp/slurmd/job44558/slurm_script:505 (approximation), [fastqToCountsSmallrna.sh: /share/de/Sperm_60e4415a8b4ef/Sperm_60e4415a8b4ef/SRR955634 / tanward@ethz.ch], execution directory /share/de/Sperm_60e4415a8b4ef/Sperm_60e4415a8b4ef/SRR955634/QC/trim_nofilt, {grep-stderr:5ee07b0925b3798ce56d7b45f99bed28}
