You are running cutadapt 1.7.1 with Python 2.7.6
Command line parameters: -a xxxxxxxxxxxxxxxxxxxxxxxxxxx /share/de/Sperm_60e4415a8b4ef/Sperm_60e4415a8b4ef/SRR955629/SRR955629_cat.fastq
Maximum error rate: 10.00%
   No. of adapters: 1
   Processed reads:     15145094
   Processed bases:    757254700 bp (757.3 Mbp)
     Trimmed reads:            0 (0.0%)
     Trimmed bases:            0 bp (0.0 Mbp) (0.00% of total)
   Too short reads:            0 (0.0% of processed reads)
    Too long reads:            0 (0.0% of processed reads)
        Total time:    118.84 s
     Time per read:      0.008 ms

=== Adapter 1 ===

Sequence: XXXXXXXXXXXXXXXXXXXXXXXXXXX; Type: regular 3'; Length: 27; Trimmed: 0 times.

You are running cutadapt 1.7.1 with Python 2.7.6
Command line parameters: -a CTGTAGGCACCA /share/de/Sperm_60e4415a8b4ef/Sperm_60e4415a8b4ef/SRR955629/SRR955629_cat.fastq
Maximum error rate: 10.00%
   No. of adapters: 1
   Processed reads:     15145094
   Processed bases:    757254700 bp (757.3 Mbp)
     Trimmed reads:     14894897 (98.3%)
     Trimmed bases:    459713728 bp (459.7 Mbp) (60.71% of total)
   Too short reads:            0 (0.0% of processed reads)
    Too long reads:            0 (0.0% of processed reads)
        Total time:    197.24 s
     Time per read:      0.013 ms

=== Adapter 1 ===

Sequence: CTGTAGGCACCA; Type: regular 3'; Length: 12; Trimmed: 14894897 times.

No. of allowed errors:
0-9 bp: 0; 10-12 bp: 1

Bases preceding removed adapters:
  A: 30.1%
  C: 13.4%
  G: 14.0%
  T: 24.1%
  none/other: 18.4%

Overview of removed sequences
length	count	expect	max.err	error counts
3	44924	236642.1	0	44924
4	55656	59160.5	0	55656
5	66914	14790.1	0	66914
6	120715	3697.5	0	120715
7	139573	924.4	0	139573
8	214378	231.1	0	214378
9	242326	57.8	0	238220 4106
10	140751	14.4	1	133561 7190
11	201495	3.6	1	192129 9366
12	123137	0.9	1	115998 7139
13	154348	0.9	1	145491 8857
14	128422	0.9	1	119963 8459
15	157784	0.9	1	148140 9644
16	199903	0.9	1	188226 11677
17	481586	0.9	1	456628 24958
18	348693	0.9	1	325883 22810
19	515352	0.9	1	486221 29131
20	313588	0.9	1	293531 20057
21	263743	0.9	1	244753 18990
22	246875	0.9	1	231744 15131
23	246252	0.9	1	231594 14658
24	295240	0.9	1	279281 15959
25	280058	0.9	1	264172 15886
26	319422	0.9	1	302260 17162
27	380602	0.9	1	361837 18765
28	485570	0.9	1	455772 29798
29	378927	0.9	1	360252 18675
30	371448	0.9	1	352727 18721
31	491560	0.9	1	467716 23844
32	460335	0.9	1	437523 22812
33	579711	0.9	1	554375 25336
34	548496	0.9	1	524732 23764
35	587231	0.9	1	563617 23614
36	592232	0.9	1	569556 22676
37	516235	0.9	1	495564 20671
38	480859	0.9	1	463287 17572
39	381963	0.9	1	369097 12866
40	260409	0.9	1	252158 8251
41	187369	0.9	1	182358 5011
42	104603	0.9	1	102137 2466
43	25994	0.9	1	25226 768
44	8752	0.9	1	8431 321
45	6530	0.9	1	6288 242
46	6054	0.9	1	5845 209
47	1774	0.9	1	1660 114
48	190	0.9	1	115 75
49	1103	0.9	1	904 199
50	2735815	0.9	1	2630019 105796

Started analysis of SRR955629-trimmed.fastq
Approx 5% complete for SRR955629-trimmed.fastq
Approx 10% complete for SRR955629-trimmed.fastq
Approx 15% complete for SRR955629-trimmed.fastq
Approx 20% complete for SRR955629-trimmed.fastq
Approx 25% complete for SRR955629-trimmed.fastq
Approx 30% complete for SRR955629-trimmed.fastq
Approx 35% complete for SRR955629-trimmed.fastq
Approx 40% complete for SRR955629-trimmed.fastq
Approx 45% complete for SRR955629-trimmed.fastq
Approx 50% complete for SRR955629-trimmed.fastq
Approx 55% complete for SRR955629-trimmed.fastq
Approx 60% complete for SRR955629-trimmed.fastq
Approx 65% complete for SRR955629-trimmed.fastq
Approx 70% complete for SRR955629-trimmed.fastq
Approx 75% complete for SRR955629-trimmed.fastq
Approx 80% complete for SRR955629-trimmed.fastq
Approx 85% complete for SRR955629-trimmed.fastq
Approx 90% complete for SRR955629-trimmed.fastq
Approx 95% complete for SRR955629-trimmed.fastq
Approx 100% complete for SRR955629-trimmed.fastq
Started analysis of SRR955629-nofilt-trimmed.fastq
Approx 5% complete for SRR955629-nofilt-trimmed.fastq
Approx 10% complete for SRR955629-nofilt-trimmed.fastq
Approx 15% complete for SRR955629-nofilt-trimmed.fastq
Approx 20% complete for SRR955629-nofilt-trimmed.fastq
Approx 25% complete for SRR955629-nofilt-trimmed.fastq
Approx 30% complete for SRR955629-nofilt-trimmed.fastq
Approx 35% complete for SRR955629-nofilt-trimmed.fastq
Approx 40% complete for SRR955629-nofilt-trimmed.fastq
Approx 45% complete for SRR955629-nofilt-trimmed.fastq
Approx 50% complete for SRR955629-nofilt-trimmed.fastq
Approx 55% complete for SRR955629-nofilt-trimmed.fastq
Approx 60% complete for SRR955629-nofilt-trimmed.fastq
Approx 65% complete for SRR955629-nofilt-trimmed.fastq
Approx 70% complete for SRR955629-nofilt-trimmed.fastq
Approx 75% complete for SRR955629-nofilt-trimmed.fastq
Approx 80% complete for SRR955629-nofilt-trimmed.fastq
Approx 85% complete for SRR955629-nofilt-trimmed.fastq
Approx 90% complete for SRR955629-nofilt-trimmed.fastq
Approx 95% complete for SRR955629-nofilt-trimmed.fastq
Approx 100% complete for SRR955629-nofilt-trimmed.fastq
Error in file(file, "rt") : cannot open the connection
Calls: read.table -> file
In addition: Warning message:
In file(file, "rt") :
  cannot open file '/share/de/Sperm_60e4415a8b4ef/Sperm_60e4415a8b4ef/SRR955629/output-mpa.labels_filt.log': No such file or directory
Execution halted

EXITING because of fatal input ERROR: could not open readFilesIn=/share/de/Sperm_60e4415a8b4ef/SRR955629-unclassified.txt

Jul 06 12:02:07 ...... FATAL ERROR, exiting

        ==========     _____ _    _ ____  _____  ______          _____  
        =====         / ____| |  | |  _ \|  __ \|  ____|   /\   |  __ \ 
          =====      | (___ | |  | | |_) | |__) | |__     /  \  | |  | |
            ====      \___ \| |  | |  _ <|  _  /|  __|   / /\ \ | |  | |
              ====    ____) | |__| | |_) | | \ \| |____ / ____ \| |__| |
        ==========   |_____/ \____/|____/|_|  \_\______/_/    \_\_____/
	  v1.4.6

//========================== featureCounts setting ===========================\\
||                                                                            ||
||             Input files : 1 unknown file                                   ||
||                           ? /share/de/Sperm_60e4415a8b4ef/SRR955629-al ... ||
||                                                                            ||
||             Output file : /share/de/Sperm_60e4415a8b4ef/Sperm_60e4415a ... ||
||             Annotations : /home/vsac/database2/all/saf/all.saf (SAF)       ||
||                                                                            ||
||                 Threads : 1                                                ||
||                   Level : meta-feature level                               ||
||              Paired-end : no                                               ||
||         Strand specific : no                                               ||
||      Multimapping reads : not counted                                      ||
|| Multi-overlapping reads : not counted                                      ||
||                                                                            ||
\\===================== http://subread.sourceforge.net/ ======================//

//================================= Running ==================================\\
||                                                                            ||
|| Load annotation file /home/vsac/database2/all/saf/all.saf ...              ||
||    Features : 23571                                                        ||
||    Meta-features : 23571                                                   ||
||    Chromosomes : 23571                                                     ||
||                                                                            ||
|| Process Unknown file /share/de/Sperm_60e4415a8b4ef/SRR955629-all.bam...    ||
||    Single-end reads are included.                                          ||
|| WARNING file '/share/de/Sperm_60e4415a8b4ef/SRR955629-all.bam' is empty.   ||
||    Assign reads to features...                                             ||
||    Total reads : 0                                                         ||
||    Successfully assigned reads : 0                                         ||
||    Running time : 0.00 minutes                                             ||
||                                                                            ||
||                         Read assignment finished.                          ||
||                                                                            ||
\\===================== http://subread.sourceforge.net/ ======================//

cat: SRR955629: No such file or directory
awk: cmd. line:1: fatal: cannot open file `/share/de/Sperm_60e4415a8b4ef/Sperm_60e4415a8b4ef/SRR955629/output-mpa.labels.log' for reading (No such file or directory)
grep: /share/de/Sperm_60e4415a8b4ef/Sperm_60e4415a8b4ef/SRR955629/SRR955629-allLog.final.out: No such file or directory
cat: /share/de/Sperm_60e4415a8b4ef/Sperm_60e4415a8b4ef/SRR955629/output-mpa.labels_filt.log: No such file or directory
Error in /tmp/slurmd/job44556/slurm_script:505 (approximation), [fastqToCountsSmallrna.sh: /share/de/Sperm_60e4415a8b4ef/Sperm_60e4415a8b4ef/SRR955629 / tanward@ethz.ch], execution directory /share/de/Sperm_60e4415a8b4ef/Sperm_60e4415a8b4ef/SRR955629/QC/trim_nofilt, {grep-stderr:e418340dab366bc788d07f91ead22334}
