mv: cannot stat `/share/de/Sperm_60e4415a8b4ef/Sperm_60e4415a8b4ef/*/*': No such file or directory
ls: cannot access /share/de/Sperm_60e4415a8b4ef/Sperm_60e4415a8b4ef/*/: No such file or directory
rm: missing operand
Try `rm --help' for more information.
Started analysis of SRR955629.fastq.gz.fasta.fastq
Approx 5% complete for SRR955629.fastq.gz.fasta.fastq
Approx 10% complete for SRR955629.fastq.gz.fasta.fastq
Approx 15% complete for SRR955629.fastq.gz.fasta.fastq
Approx 20% complete for SRR955629.fastq.gz.fasta.fastq
Approx 25% complete for SRR955629.fastq.gz.fasta.fastq
Approx 30% complete for SRR955629.fastq.gz.fasta.fastq
Approx 35% complete for SRR955629.fastq.gz.fasta.fastq
Approx 40% complete for SRR955629.fastq.gz.fasta.fastq
Approx 45% complete for SRR955629.fastq.gz.fasta.fastq
Approx 50% complete for SRR955629.fastq.gz.fasta.fastq
Approx 55% complete for SRR955629.fastq.gz.fasta.fastq
Approx 60% complete for SRR955629.fastq.gz.fasta.fastq
Approx 65% complete for SRR955629.fastq.gz.fasta.fastq
Approx 70% complete for SRR955629.fastq.gz.fasta.fastq
Approx 75% complete for SRR955629.fastq.gz.fasta.fastq
Approx 80% complete for SRR955629.fastq.gz.fasta.fastq
Approx 85% complete for SRR955629.fastq.gz.fasta.fastq
Approx 90% complete for SRR955629.fastq.gz.fasta.fastq
Approx 95% complete for SRR955629.fastq.gz.fasta.fastq
Started analysis of SRR955628.fastq.gz.fasta.fastq
Approx 5% complete for SRR955628.fastq.gz.fasta.fastq
Approx 10% complete for SRR955628.fastq.gz.fasta.fastq
Approx 15% complete for SRR955628.fastq.gz.fasta.fastq
Approx 20% complete for SRR955628.fastq.gz.fasta.fastq
Approx 25% complete for SRR955628.fastq.gz.fasta.fastq
Approx 30% complete for SRR955628.fastq.gz.fasta.fastq
Approx 35% complete for SRR955628.fastq.gz.fasta.fastq
Approx 40% complete for SRR955628.fastq.gz.fasta.fastq
Approx 45% complete for SRR955628.fastq.gz.fasta.fastq
Approx 50% complete for SRR955628.fastq.gz.fasta.fastq
Approx 55% complete for SRR955628.fastq.gz.fasta.fastq
Approx 60% complete for SRR955628.fastq.gz.fasta.fastq
Approx 65% complete for SRR955628.fastq.gz.fasta.fastq
Approx 70% complete for SRR955628.fastq.gz.fasta.fastq
Approx 75% complete for SRR955628.fastq.gz.fasta.fastq
Approx 80% complete for SRR955628.fastq.gz.fasta.fastq
Approx 85% complete for SRR955628.fastq.gz.fasta.fastq
Approx 90% complete for SRR955628.fastq.gz.fasta.fastq
Approx 95% complete for SRR955628.fastq.gz.fasta.fastq
Approx 100% complete for SRR955628.fastq.gz.fasta.fastq
Started analysis of SRR955634.fastq.gz.fasta.fastq
Approx 5% complete for SRR955634.fastq.gz.fasta.fastq
Approx 10% complete for SRR955634.fastq.gz.fasta.fastq
Approx 15% complete for SRR955634.fastq.gz.fasta.fastq
Approx 20% complete for SRR955634.fastq.gz.fasta.fastq
Approx 25% complete for SRR955634.fastq.gz.fasta.fastq
Approx 30% complete for SRR955634.fastq.gz.fasta.fastq
Approx 35% complete for SRR955634.fastq.gz.fasta.fastq
Approx 40% complete for SRR955634.fastq.gz.fasta.fastq
Approx 45% complete for SRR955634.fastq.gz.fasta.fastq
Approx 50% complete for SRR955634.fastq.gz.fasta.fastq
Approx 55% complete for SRR955634.fastq.gz.fasta.fastq
Approx 60% complete for SRR955634.fastq.gz.fasta.fastq
Approx 65% complete for SRR955634.fastq.gz.fasta.fastq
Approx 70% complete for SRR955634.fastq.gz.fasta.fastq
Approx 75% complete for SRR955634.fastq.gz.fasta.fastq
Approx 80% complete for SRR955634.fastq.gz.fasta.fastq
Approx 85% complete for SRR955634.fastq.gz.fasta.fastq
Approx 90% complete for SRR955634.fastq.gz.fasta.fastq
Approx 95% complete for SRR955634.fastq.gz.fasta.fastq
Approx 100% complete for SRR955634.fastq.gz.fasta.fastq
Started analysis of SRR955633.fastq.gz.fasta.fastq
Approx 5% complete for SRR955633.fastq.gz.fasta.fastq
Approx 10% complete for SRR955633.fastq.gz.fasta.fastq
Approx 15% complete for SRR955633.fastq.gz.fasta.fastq
Approx 20% complete for SRR955633.fastq.gz.fasta.fastq
Approx 25% complete for SRR955633.fastq.gz.fasta.fastq
Approx 30% complete for SRR955633.fastq.gz.fasta.fastq
Approx 35% complete for SRR955633.fastq.gz.fasta.fastq
Approx 40% complete for SRR955633.fastq.gz.fasta.fastq
Approx 45% complete for SRR955633.fastq.gz.fasta.fastq
Approx 50% complete for SRR955633.fastq.gz.fasta.fastq
Approx 55% complete for SRR955633.fastq.gz.fasta.fastq
Approx 60% complete for SRR955633.fastq.gz.fasta.fastq
Approx 65% complete for SRR955633.fastq.gz.fasta.fastq
Approx 70% complete for SRR955633.fastq.gz.fasta.fastq
Approx 75% complete for SRR955633.fastq.gz.fasta.fastq
Approx 80% complete for SRR955633.fastq.gz.fasta.fastq
Approx 85% complete for SRR955633.fastq.gz.fasta.fastq
Approx 90% complete for SRR955633.fastq.gz.fasta.fastq
Approx 95% complete for SRR955633.fastq.gz.fasta.fastq
cp: cannot create regular file `/web/de/Sperm_60e4415a8b4ef/Sperm_60e4415a8b4ef.zip': Permission denied
Cannot copy '/share/de/Sperm_60e4415a8b4ef' to /web/de
